2023-10-15 22:06:49 — INFO — Running with edr=0.11.0
2023-10-15 22:06:49 — DEBUG — Running dbt --log-format json run-operation elementary.log_macro_results --args {"macro_name": "elementary_cli.get_latest_invocation", "macro_args": {}} --project-dir C:\Python38\Lib\site-packages\elementary\monitor\dbt_project --target elementary-dev
2023-10-15 22:07:05 — DEBUG — Result bytes size for command '['dbt', '--log-format', 'json', 'run-operation', 'elementary.log_macro_results', '--args', '{"macro_name": "elementary_cli.get_latest_invocation", "macro_args": {}}', '--project-dir', 'C:\\Python38\\Lib\\site-packages\\elementary\\monitor\\dbt_project', '--target', 'elementary-dev']' is 4523
2023-10-15 22:07:05 — DEBUG — Running dbt --log-format json run-operation elementary.log_macro_results --args {"macro_name": "elementary_cli.get_adapter_type_and_unique_id", "macro_args": {}} --project-dir C:\Python38\Lib\site-packages\elementary\monitor\dbt_project --target elementary-dev
2023-10-15 22:07:10 — DEBUG — Result bytes size for command '['dbt', '--log-format', 'json', 'run-operation', 'elementary.log_macro_results', '--args', '{"macro_name": "elementary_cli.get_adapter_type_and_unique_id", "macro_args": {}}', '--project-dir', 'C:\\Python38\\Lib\\site-packages\\elementary\\monitor\\dbt_project', '--target', 'elementary-dev']' is 1526
2023-10-15 22:07:10 — INFO — edr (0.11.0) and Elementary's dbt package (0.11.1) are compatible.
2023-10-15 22:07:10 — DEBUG — Running dbt --log-format json run-operation elementary.log_macro_results --args {"macro_name": "elementary_cli.get_elementary_database_and_schema", "macro_args": {}} --project-dir C:\Python38\Lib\site-packages\elementary\monitor\dbt_project --target elementary-dev
2023-10-15 22:07:15 — DEBUG — Result bytes size for command '['dbt', '--log-format', 'json', 'run-operation', 'elementary.log_macro_results', '--args', '{"macro_name": "elementary_cli.get_elementary_database_and_schema", "macro_args": {}}', '--project-dir', 'C:\\Python38\\Lib\\site-packages\\elementary\\monitor\\dbt_project', '--target', 'elementary-dev']' is 1498
2023-10-15 22:07:15 — INFO — Elementary's database and schema: '"GENESIS_DEV.TEC_MONITORING"'
2023-10-15 22:07:15 — INFO — Running dbt --log-format json run-operation elementary.log_macro_results --args {"macro_name": "elementary_cli.get_test_results", "macro_args": {"days_back": 7, "invocations_per_test": 720, "disable_passed_test_metrics": false}} --project-dir C:\Python38\Lib\site-packages\elementary\monitor\dbt_project --target elementary-dev
2023-10-15 22:07:22 — DEBUG — Result bytes size for command '['dbt', '--log-format', 'json', 'run-operation', 'elementary.log_macro_results', '--args', '{"macro_name": "elementary_cli.get_test_results", "macro_args": {"days_back": 7, "invocations_per_test": 720, "disable_passed_test_metrics": false}}', '--project-dir', 'C:\\Python38\\Lib\\site-packages\\elementary\\monitor\\dbt_project', '--target', 'elementary-dev']' is 61116
2023-10-15 22:07:22 — INFO — Running dbt --log-format json run-operation elementary.log_macro_results --args {"macro_name": "elementary_cli.get_models", "macro_args": {"exclude_elementary": true}} --project-dir C:\Python38\Lib\site-packages\elementary\monitor\dbt_project --target elementary-dev
2023-10-15 22:07:29 — DEBUG — Result bytes size for command '['dbt', '--log-format', 'json', 'run-operation', 'elementary.log_macro_results', '--args', '{"macro_name": "elementary_cli.get_models", "macro_args": {"exclude_elementary": true}}', '--project-dir', 'C:\\Python38\\Lib\\site-packages\\elementary\\monitor\\dbt_project', '--target', 'elementary-dev']' is 8648
2023-10-15 22:07:29 — INFO — Running dbt --log-format json run-operation elementary.log_macro_results --args {"macro_name": "elementary_cli.get_sources", "macro_args": {}} --project-dir C:\Python38\Lib\site-packages\elementary\monitor\dbt_project --target elementary-dev
2023-10-15 22:07:36 — DEBUG — Result bytes size for command '['dbt', '--log-format', 'json', 'run-operation', 'elementary.log_macro_results', '--args', '{"macro_name": "elementary_cli.get_sources", "macro_args": {}}', '--project-dir', 'C:\\Python38\\Lib\\site-packages\\elementary\\monitor\\dbt_project', '--target', 'elementary-dev']' is 3788
2023-10-15 22:07:36 — INFO — Running dbt --log-format json run-operation elementary.log_macro_results --args {"macro_name": "elementary_cli.get_exposures", "macro_args": {}} --project-dir C:\Python38\Lib\site-packages\elementary\monitor\dbt_project --target elementary-dev
2023-10-15 22:07:43 — DEBUG — Result bytes size for command '['dbt', '--log-format', 'json', 'run-operation', 'elementary.log_macro_results', '--args', '{"macro_name": "elementary_cli.get_exposures", "macro_args": {}}', '--project-dir', 'C:\\Python38\\Lib\\site-packages\\elementary\\monitor\\dbt_project', '--target', 'elementary-dev']' is 1446
2023-10-15 22:07:43 — INFO — Running dbt --log-format json run-operation elementary.log_macro_results --args {"macro_name": "elementary_cli.get_models_runs", "macro_args": {"days_back": 7, "exclude_elementary": true}} --project-dir C:\Python38\Lib\site-packages\elementary\monitor\dbt_project --target elementary-dev
2023-10-15 22:07:49 — DEBUG — Result bytes size for command '['dbt', '--log-format', 'json', 'run-operation', 'elementary.log_macro_results', '--args', '{"macro_name": "elementary_cli.get_models_runs", "macro_args": {"days_back": 7, "exclude_elementary": true}}', '--project-dir', 'C:\\Python38\\Lib\\site-packages\\elementary\\monitor\\dbt_project', '--target', 'elementary-dev']' is 7190
2023-10-15 22:07:49 — INFO — Running dbt --log-format json run-operation elementary.log_macro_results --args {"macro_name": "elementary_cli.get_dbt_models_test_coverage", "macro_args": {}} --project-dir C:\Python38\Lib\site-packages\elementary\monitor\dbt_project --target elementary-dev
2023-10-15 22:07:56 — DEBUG — Result bytes size for command '['dbt', '--log-format', 'json', 'run-operation', 'elementary.log_macro_results', '--args', '{"macro_name": "elementary_cli.get_dbt_models_test_coverage", "macro_args": {}}', '--project-dir', 'C:\\Python38\\Lib\\site-packages\\elementary\\monitor\\dbt_project', '--target', 'elementary-dev']' is 2844
2023-10-15 22:07:56 — INFO — Running dbt --log-format json run-operation elementary.log_macro_results --args {"macro_name": "elementary_cli.get_nodes_depends_on_nodes", "macro_args": {"exclude_elementary": true}} --project-dir C:\Python38\Lib\site-packages\elementary\monitor\dbt_project --target elementary-dev
2023-10-15 22:08:03 — DEBUG — Result bytes size for command '['dbt', '--log-format', 'json', 'run-operation', 'elementary.log_macro_results', '--args', '{"macro_name": "elementary_cli.get_nodes_depends_on_nodes", "macro_args": {"exclude_elementary": true}}', '--project-dir', 'C:\\Python38\\Lib\\site-packages\\elementary\\monitor\\dbt_project', '--target', 'elementary-dev']' is 4834
2023-10-15 22:08:03 — INFO — Running dbt --log-format json run-operation elementary.log_macro_results --args {"macro_name": "elementary_cli.get_models_latest_invocation", "macro_args": {}} --project-dir C:\Python38\Lib\site-packages\elementary\monitor\dbt_project --target elementary-dev
2023-10-15 22:08:10 — DEBUG — Result bytes size for command '['dbt', '--log-format', 'json', 'run-operation', 'elementary.log_macro_results', '--args', '{"macro_name": "elementary_cli.get_models_latest_invocation", "macro_args": {}}', '--project-dir', 'C:\\Python38\\Lib\\site-packages\\elementary\\monitor\\dbt_project', '--target', 'elementary-dev']' is 10518
2023-10-15 22:08:10 — INFO — Running dbt --log-format json run-operation elementary.log_macro_results --args {"macro_name": "elementary_cli.get_models_latest_invocations_data", "macro_args": {}} --project-dir C:\Python38\Lib\site-packages\elementary\monitor\dbt_project --target elementary-dev
2023-10-15 22:08:22 — DEBUG — Result bytes size for command '['dbt', '--log-format', 'json', 'run-operation', 'elementary.log_macro_results', '--args', '{"macro_name": "elementary_cli.get_models_latest_invocations_data", "macro_args": {}}', '--project-dir', 'C:\\Python38\\Lib\\site-packages\\elementary\\monitor\\dbt_project', '--target', 'elementary-dev']' is 1864
2023-10-15 22:13:09 — INFO — Running with edr=0.11.0
2023-10-15 22:13:09 — DEBUG — Running dbt --log-format json run-operation elementary.log_macro_results --args {"macro_name": "elementary_cli.get_latest_invocation", "macro_args": {}} --project-dir C:\Python38\Lib\site-packages\elementary\monitor\dbt_project --target elementary-uat
2023-10-15 22:13:25 — DEBUG — Result bytes size for command '['dbt', '--log-format', 'json', 'run-operation', 'elementary.log_macro_results', '--args', '{"macro_name": "elementary_cli.get_latest_invocation", "macro_args": {}}', '--project-dir', 'C:\\Python38\\Lib\\site-packages\\elementary\\monitor\\dbt_project', '--target', 'elementary-uat']' is 3788
2023-10-15 22:13:25 — DEBUG — Running dbt --log-format json run-operation elementary.log_macro_results --args {"macro_name": "elementary_cli.get_adapter_type_and_unique_id", "macro_args": {}} --project-dir C:\Python38\Lib\site-packages\elementary\monitor\dbt_project --target elementary-uat
2023-10-15 22:13:29 — DEBUG — Result bytes size for command '['dbt', '--log-format', 'json', 'run-operation', 'elementary.log_macro_results', '--args', '{"macro_name": "elementary_cli.get_adapter_type_and_unique_id", "macro_args": {}}', '--project-dir', 'C:\\Python38\\Lib\\site-packages\\elementary\\monitor\\dbt_project', '--target', 'elementary-uat']' is 1526
2023-10-15 22:13:29 — INFO — edr (0.11.0) and Elementary's dbt package (0.11.1) are compatible.
2023-10-15 22:13:29 — DEBUG — Running dbt --log-format json run-operation elementary.log_macro_results --args {"macro_name": "elementary_cli.get_elementary_database_and_schema", "macro_args": {}} --project-dir C:\Python38\Lib\site-packages\elementary\monitor\dbt_project --target elementary-uat
2023-10-15 22:13:34 — DEBUG — Result bytes size for command '['dbt', '--log-format', 'json', 'run-operation', 'elementary.log_macro_results', '--args', '{"macro_name": "elementary_cli.get_elementary_database_and_schema", "macro_args": {}}', '--project-dir', 'C:\\Python38\\Lib\\site-packages\\elementary\\monitor\\dbt_project', '--target', 'elementary-uat']' is 1498
2023-10-15 22:13:34 — INFO — Elementary's database and schema: '"GENESIS_UAT.TEC_MONITORING"'
2023-10-15 22:13:34 — INFO — Running dbt --log-format json run-operation elementary.log_macro_results --args {"macro_name": "elementary_cli.get_test_results", "macro_args": {"days_back": 7, "invocations_per_test": 720, "disable_passed_test_metrics": false}} --project-dir C:\Python38\Lib\site-packages\elementary\monitor\dbt_project --target elementary-uat
2023-10-15 22:13:41 — DEBUG — Result bytes size for command '['dbt', '--log-format', 'json', 'run-operation', 'elementary.log_macro_results', '--args', '{"macro_name": "elementary_cli.get_test_results", "macro_args": {"days_back": 7, "invocations_per_test": 720, "disable_passed_test_metrics": false}}', '--project-dir', 'C:\\Python38\\Lib\\site-packages\\elementary\\monitor\\dbt_project', '--target', 'elementary-uat']' is 61116
2023-10-15 22:13:41 — INFO — Running dbt --log-format json run-operation elementary.log_macro_results --args {"macro_name": "elementary_cli.get_models", "macro_args": {"exclude_elementary": true}} --project-dir C:\Python38\Lib\site-packages\elementary\monitor\dbt_project --target elementary-uat
2023-10-15 22:13:48 — DEBUG — Result bytes size for command '['dbt', '--log-format', 'json', 'run-operation', 'elementary.log_macro_results', '--args', '{"macro_name": "elementary_cli.get_models", "macro_args": {"exclude_elementary": true}}', '--project-dir', 'C:\\Python38\\Lib\\site-packages\\elementary\\monitor\\dbt_project', '--target', 'elementary-uat']' is 8648
2023-10-15 22:13:48 — INFO — Running dbt --log-format json run-operation elementary.log_macro_results --args {"macro_name": "elementary_cli.get_sources", "macro_args": {}} --project-dir C:\Python38\Lib\site-packages\elementary\monitor\dbt_project --target elementary-uat
2023-10-15 22:13:54 — DEBUG — Result bytes size for command '['dbt', '--log-format', 'json', 'run-operation', 'elementary.log_macro_results', '--args', '{"macro_name": "elementary_cli.get_sources", "macro_args": {}}', '--project-dir', 'C:\\Python38\\Lib\\site-packages\\elementary\\monitor\\dbt_project', '--target', 'elementary-uat']' is 3788
2023-10-15 22:13:54 — INFO — Running dbt --log-format json run-operation elementary.log_macro_results --args {"macro_name": "elementary_cli.get_exposures", "macro_args": {}} --project-dir C:\Python38\Lib\site-packages\elementary\monitor\dbt_project --target elementary-uat
2023-10-15 22:14:03 — DEBUG — Result bytes size for command '['dbt', '--log-format', 'json', 'run-operation', 'elementary.log_macro_results', '--args', '{"macro_name": "elementary_cli.get_exposures", "macro_args": {}}', '--project-dir', 'C:\\Python38\\Lib\\site-packages\\elementary\\monitor\\dbt_project', '--target', 'elementary-uat']' is 1446
2023-10-15 22:14:03 — INFO — Running dbt --log-format json run-operation elementary.log_macro_results --args {"macro_name": "elementary_cli.get_models_runs", "macro_args": {"days_back": 7, "exclude_elementary": true}} --project-dir C:\Python38\Lib\site-packages\elementary\monitor\dbt_project --target elementary-uat
2023-10-15 22:14:10 — DEBUG — Result bytes size for command '['dbt', '--log-format', 'json', 'run-operation', 'elementary.log_macro_results', '--args', '{"macro_name": "elementary_cli.get_models_runs", "macro_args": {"days_back": 7, "exclude_elementary": true}}', '--project-dir', 'C:\\Python38\\Lib\\site-packages\\elementary\\monitor\\dbt_project', '--target', 'elementary-uat']' is 7188
2023-10-15 22:14:10 — INFO — Running dbt --log-format json run-operation elementary.log_macro_results --args {"macro_name": "elementary_cli.get_dbt_models_test_coverage", "macro_args": {}} --project-dir C:\Python38\Lib\site-packages\elementary\monitor\dbt_project --target elementary-uat
2023-10-15 22:14:16 — DEBUG — Result bytes size for command '['dbt', '--log-format', 'json', 'run-operation', 'elementary.log_macro_results', '--args', '{"macro_name": "elementary_cli.get_dbt_models_test_coverage", "macro_args": {}}', '--project-dir', 'C:\\Python38\\Lib\\site-packages\\elementary\\monitor\\dbt_project', '--target', 'elementary-uat']' is 2840
2023-10-15 22:14:16 — INFO — Running dbt --log-format json run-operation elementary.log_macro_results --args {"macro_name": "elementary_cli.get_nodes_depends_on_nodes", "macro_args": {"exclude_elementary": true}} --project-dir C:\Python38\Lib\site-packages\elementary\monitor\dbt_project --target elementary-uat
2023-10-15 22:14:22 — DEBUG — Result bytes size for command '['dbt', '--log-format', 'json', 'run-operation', 'elementary.log_macro_results', '--args', '{"macro_name": "elementary_cli.get_nodes_depends_on_nodes", "macro_args": {"exclude_elementary": true}}', '--project-dir', 'C:\\Python38\\Lib\\site-packages\\elementary\\monitor\\dbt_project', '--target', 'elementary-uat']' is 4838
2023-10-15 22:14:22 — INFO — Running dbt --log-format json run-operation elementary.log_macro_results --args {"macro_name": "elementary_cli.get_models_latest_invocation", "macro_args": {}} --project-dir C:\Python38\Lib\site-packages\elementary\monitor\dbt_project --target elementary-uat
2023-10-15 22:14:29 — DEBUG — Result bytes size for command '['dbt', '--log-format', 'json', 'run-operation', 'elementary.log_macro_results', '--args', '{"macro_name": "elementary_cli.get_models_latest_invocation", "macro_args": {}}', '--project-dir', 'C:\\Python38\\Lib\\site-packages\\elementary\\monitor\\dbt_project', '--target', 'elementary-uat']' is 10518
2023-10-15 22:14:29 — INFO — Running dbt --log-format json run-operation elementary.log_macro_results --args {"macro_name": "elementary_cli.get_models_latest_invocations_data", "macro_args": {}} --project-dir C:\Python38\Lib\site-packages\elementary\monitor\dbt_project --target elementary-uat
2023-10-15 22:14:35 — DEBUG — Result bytes size for command '['dbt', '--log-format', 'json', 'run-operation', 'elementary.log_macro_results', '--args', '{"macro_name": "elementary_cli.get_models_latest_invocations_data", "macro_args": {}}', '--project-dir', 'C:\\Python38\\Lib\\site-packages\\elementary\\monitor\\dbt_project', '--target', 'elementary-uat']' is 1868
2023-10-15 22:23:34 — INFO — Running with edr=0.11.0
2023-10-15 22:23:34 — DEBUG — Running dbt --log-format json run-operation elementary.log_macro_results --args {"macro_name": "elementary_cli.get_latest_invocation", "macro_args": {}} --project-dir C:\Python38\Lib\site-packages\elementary\monitor\dbt_project --target elementary-dev
2023-10-15 22:23:45 — DEBUG — Result bytes size for command '['dbt', '--log-format', 'json', 'run-operation', 'elementary.log_macro_results', '--args', '{"macro_name": "elementary_cli.get_latest_invocation", "macro_args": {}}', '--project-dir', 'C:\\Python38\\Lib\\site-packages\\elementary\\monitor\\dbt_project', '--target', 'elementary-dev']' is 3788
2023-10-15 22:23:45 — DEBUG — Running dbt --log-format json run-operation elementary.log_macro_results --args {"macro_name": "elementary_cli.get_adapter_type_and_unique_id", "macro_args": {}} --project-dir C:\Python38\Lib\site-packages\elementary\monitor\dbt_project --target elementary-dev
2023-10-15 22:23:49 — DEBUG — Result bytes size for command '['dbt', '--log-format', 'json', 'run-operation', 'elementary.log_macro_results', '--args', '{"macro_name": "elementary_cli.get_adapter_type_and_unique_id", "macro_args": {}}', '--project-dir', 'C:\\Python38\\Lib\\site-packages\\elementary\\monitor\\dbt_project', '--target', 'elementary-dev']' is 1522
2023-10-15 22:23:49 — INFO — edr (0.11.0) and Elementary's dbt package (0.11.1) are compatible.
2023-10-15 22:23:49 — DEBUG — Running dbt --log-format json run-operation elementary.log_macro_results --args {"macro_name": "elementary_cli.get_elementary_database_and_schema", "macro_args": {}} --project-dir C:\Python38\Lib\site-packages\elementary\monitor\dbt_project --target elementary-dev
2023-10-15 22:23:54 — DEBUG — Result bytes size for command '['dbt', '--log-format', 'json', 'run-operation', 'elementary.log_macro_results', '--args', '{"macro_name": "elementary_cli.get_elementary_database_and_schema", "macro_args": {}}', '--project-dir', 'C:\\Python38\\Lib\\site-packages\\elementary\\monitor\\dbt_project', '--target', 'elementary-dev']' is 1498
2023-10-15 22:23:54 — INFO — Elementary's database and schema: '"GENESIS_DEV.TEC_MONITORING"'
2023-10-15 22:23:54 — INFO — Running dbt --log-format json run-operation elementary.log_macro_results --args {"macro_name": "elementary_cli.get_test_results", "macro_args": {"days_back": 7, "invocations_per_test": 720, "disable_passed_test_metrics": false}} --project-dir C:\Python38\Lib\site-packages\elementary\monitor\dbt_project --target elementary-dev
2023-10-15 22:24:04 — DEBUG — Result bytes size for command '['dbt', '--log-format', 'json', 'run-operation', 'elementary.log_macro_results', '--args', '{"macro_name": "elementary_cli.get_test_results", "macro_args": {"days_back": 7, "invocations_per_test": 720, "disable_passed_test_metrics": false}}', '--project-dir', 'C:\\Python38\\Lib\\site-packages\\elementary\\monitor\\dbt_project', '--target', 'elementary-dev']' is 61112
2023-10-15 22:24:04 — INFO — Running dbt --log-format json run-operation elementary.log_macro_results --args {"macro_name": "elementary_cli.get_models", "macro_args": {"exclude_elementary": true}} --project-dir C:\Python38\Lib\site-packages\elementary\monitor\dbt_project --target elementary-dev
2023-10-15 22:24:10 — DEBUG — Result bytes size for command '['dbt', '--log-format', 'json', 'run-operation', 'elementary.log_macro_results', '--args', '{"macro_name": "elementary_cli.get_models", "macro_args": {"exclude_elementary": true}}', '--project-dir', 'C:\\Python38\\Lib\\site-packages\\elementary\\monitor\\dbt_project', '--target', 'elementary-dev']' is 8652
2023-10-15 22:24:10 — INFO — Running dbt --log-format json run-operation elementary.log_macro_results --args {"macro_name": "elementary_cli.get_sources", "macro_args": {}} --project-dir C:\Python38\Lib\site-packages\elementary\monitor\dbt_project --target elementary-dev
2023-10-15 22:24:20 — DEBUG — Result bytes size for command '['dbt', '--log-format', 'json', 'run-operation', 'elementary.log_macro_results', '--args', '{"macro_name": "elementary_cli.get_sources", "macro_args": {}}', '--project-dir', 'C:\\Python38\\Lib\\site-packages\\elementary\\monitor\\dbt_project', '--target', 'elementary-dev']' is 3788
2023-10-15 22:24:20 — INFO — Running dbt --log-format json run-operation elementary.log_macro_results --args {"macro_name": "elementary_cli.get_exposures", "macro_args": {}} --project-dir C:\Python38\Lib\site-packages\elementary\monitor\dbt_project --target elementary-dev
2023-10-15 22:24:26 — DEBUG — Result bytes size for command '['dbt', '--log-format', 'json', 'run-operation', 'elementary.log_macro_results', '--args', '{"macro_name": "elementary_cli.get_exposures", "macro_args": {}}', '--project-dir', 'C:\\Python38\\Lib\\site-packages\\elementary\\monitor\\dbt_project', '--target', 'elementary-dev']' is 1442
2023-10-15 22:24:26 — INFO — Running dbt --log-format json run-operation elementary.log_macro_results --args {"macro_name": "elementary_cli.get_models_runs", "macro_args": {"days_back": 7, "exclude_elementary": true}} --project-dir C:\Python38\Lib\site-packages\elementary\monitor\dbt_project --target elementary-dev
2023-10-15 22:24:33 — DEBUG — Result bytes size for command '['dbt', '--log-format', 'json', 'run-operation', 'elementary.log_macro_results', '--args', '{"macro_name": "elementary_cli.get_models_runs", "macro_args": {"days_back": 7, "exclude_elementary": true}}', '--project-dir', 'C:\\Python38\\Lib\\site-packages\\elementary\\monitor\\dbt_project', '--target', 'elementary-dev']' is 7190
2023-10-15 22:24:33 — INFO — Running dbt --log-format json run-operation elementary.log_macro_results --args {"macro_name": "elementary_cli.get_dbt_models_test_coverage", "macro_args": {}} --project-dir C:\Python38\Lib\site-packages\elementary\monitor\dbt_project --target elementary-dev
2023-10-15 22:24:39 — DEBUG — Result bytes size for command '['dbt', '--log-format', 'json', 'run-operation', 'elementary.log_macro_results', '--args', '{"macro_name": "elementary_cli.get_dbt_models_test_coverage", "macro_args": {}}', '--project-dir', 'C:\\Python38\\Lib\\site-packages\\elementary\\monitor\\dbt_project', '--target', 'elementary-dev']' is 2840
2023-10-15 22:24:39 — INFO — Running dbt --log-format json run-operation elementary.log_macro_results --args {"macro_name": "elementary_cli.get_nodes_depends_on_nodes", "macro_args": {"exclude_elementary": true}} --project-dir C:\Python38\Lib\site-packages\elementary\monitor\dbt_project --target elementary-dev
2023-10-15 22:24:46 — DEBUG — Result bytes size for command '['dbt', '--log-format', 'json', 'run-operation', 'elementary.log_macro_results', '--args', '{"macro_name": "elementary_cli.get_nodes_depends_on_nodes", "macro_args": {"exclude_elementary": true}}', '--project-dir', 'C:\\Python38\\Lib\\site-packages\\elementary\\monitor\\dbt_project', '--target', 'elementary-dev']' is 4834
2023-10-15 22:24:46 — INFO — Running dbt --log-format json run-operation elementary.log_macro_results --args {"macro_name": "elementary_cli.get_models_latest_invocation", "macro_args": {}} --project-dir C:\Python38\Lib\site-packages\elementary\monitor\dbt_project --target elementary-dev
2023-10-15 22:24:52 — DEBUG — Result bytes size for command '['dbt', '--log-format', 'json', 'run-operation', 'elementary.log_macro_results', '--args', '{"macro_name": "elementary_cli.get_models_latest_invocation", "macro_args": {}}', '--project-dir', 'C:\\Python38\\Lib\\site-packages\\elementary\\monitor\\dbt_project', '--target', 'elementary-dev']' is 10514
2023-10-15 22:24:52 — INFO — Running dbt --log-format json run-operation elementary.log_macro_results --args {"macro_name": "elementary_cli.get_models_latest_invocations_data", "macro_args": {}} --project-dir C:\Python38\Lib\site-packages\elementary\monitor\dbt_project --target elementary-dev
2023-10-15 22:24:59 — DEBUG — Result bytes size for command '['dbt', '--log-format', 'json', 'run-operation', 'elementary.log_macro_results', '--args', '{"macro_name": "elementary_cli.get_models_latest_invocations_data", "macro_args": {}}', '--project-dir', 'C:\\Python38\\Lib\\site-packages\\elementary\\monitor\\dbt_project', '--target', 'elementary-dev']' is 1868
2023-10-15 22:25:15 — INFO — Running with edr=0.11.0
2023-10-15 22:25:15 — DEBUG — Running dbt --log-format json run-operation elementary.log_macro_results --args {"macro_name": "elementary_cli.get_latest_invocation", "macro_args": {}} --project-dir C:\Python38\Lib\site-packages\elementary\monitor\dbt_project --target elementary-uat
2023-10-15 22:25:29 — DEBUG — Result bytes size for command '['dbt', '--log-format', 'json', 'run-operation', 'elementary.log_macro_results', '--args', '{"macro_name": "elementary_cli.get_latest_invocation", "macro_args": {}}', '--project-dir', 'C:\\Python38\\Lib\\site-packages\\elementary\\monitor\\dbt_project', '--target', 'elementary-uat']' is 3783
2023-10-15 22:25:29 — DEBUG — Running dbt --log-format json run-operation elementary.log_macro_results --args {"macro_name": "elementary_cli.get_adapter_type_and_unique_id", "macro_args": {}} --project-dir C:\Python38\Lib\site-packages\elementary\monitor\dbt_project --target elementary-uat
2023-10-15 22:25:34 — DEBUG — Result bytes size for command '['dbt', '--log-format', 'json', 'run-operation', 'elementary.log_macro_results', '--args', '{"macro_name": "elementary_cli.get_adapter_type_and_unique_id", "macro_args": {}}', '--project-dir', 'C:\\Python38\\Lib\\site-packages\\elementary\\monitor\\dbt_project', '--target', 'elementary-uat']' is 1522
2023-10-15 22:25:34 — INFO — edr (0.11.0) and Elementary's dbt package (0.11.1) are compatible.
2023-10-15 22:25:34 — DEBUG — Running dbt --log-format json run-operation elementary.log_macro_results --args {"macro_name": "elementary_cli.get_elementary_database_and_schema", "macro_args": {}} --project-dir C:\Python38\Lib\site-packages\elementary\monitor\dbt_project --target elementary-uat
2023-10-15 22:25:39 — DEBUG — Result bytes size for command '['dbt', '--log-format', 'json', 'run-operation', 'elementary.log_macro_results', '--args', '{"macro_name": "elementary_cli.get_elementary_database_and_schema", "macro_args": {}}', '--project-dir', 'C:\\Python38\\Lib\\site-packages\\elementary\\monitor\\dbt_project', '--target', 'elementary-uat']' is 1502
2023-10-15 22:25:39 — INFO — Elementary's database and schema: '"GENESIS_UAT.TEC_MONITORING"'
2023-10-15 22:25:39 — INFO — Running dbt --log-format json run-operation elementary.log_macro_results --args {"macro_name": "elementary_cli.get_test_results", "macro_args": {"days_back": 7, "invocations_per_test": 720, "disable_passed_test_metrics": false}} --project-dir C:\Python38\Lib\site-packages\elementary\monitor\dbt_project --target elementary-uat
2023-10-15 22:25:46 — DEBUG — Result bytes size for command '['dbt', '--log-format', 'json', 'run-operation', 'elementary.log_macro_results', '--args', '{"macro_name": "elementary_cli.get_test_results", "macro_args": {"days_back": 7, "invocations_per_test": 720, "disable_passed_test_metrics": false}}', '--project-dir', 'C:\\Python38\\Lib\\site-packages\\elementary\\monitor\\dbt_project', '--target', 'elementary-uat']' is 61112
2023-10-15 22:25:46 — INFO — Running dbt --log-format json run-operation elementary.log_macro_results --args {"macro_name": "elementary_cli.get_models", "macro_args": {"exclude_elementary": true}} --project-dir C:\Python38\Lib\site-packages\elementary\monitor\dbt_project --target elementary-uat
2023-10-15 22:25:52 — DEBUG — Result bytes size for command '['dbt', '--log-format', 'json', 'run-operation', 'elementary.log_macro_results', '--args', '{"macro_name": "elementary_cli.get_models", "macro_args": {"exclude_elementary": true}}', '--project-dir', 'C:\\Python38\\Lib\\site-packages\\elementary\\monitor\\dbt_project', '--target', 'elementary-uat']' is 8648
2023-10-15 22:25:52 — INFO — Running dbt --log-format json run-operation elementary.log_macro_results --args {"macro_name": "elementary_cli.get_sources", "macro_args": {}} --project-dir C:\Python38\Lib\site-packages\elementary\monitor\dbt_project --target elementary-uat
2023-10-15 22:25:59 — DEBUG — Result bytes size for command '['dbt', '--log-format', 'json', 'run-operation', 'elementary.log_macro_results', '--args', '{"macro_name": "elementary_cli.get_sources", "macro_args": {}}', '--project-dir', 'C:\\Python38\\Lib\\site-packages\\elementary\\monitor\\dbt_project', '--target', 'elementary-uat']' is 3788
2023-10-15 22:25:59 — INFO — Running dbt --log-format json run-operation elementary.log_macro_results --args {"macro_name": "elementary_cli.get_exposures", "macro_args": {}} --project-dir C:\Python38\Lib\site-packages\elementary\monitor\dbt_project --target elementary-uat
2023-10-15 22:26:10 — DEBUG — Result bytes size for command '['dbt', '--log-format', 'json', 'run-operation', 'elementary.log_macro_results', '--args', '{"macro_name": "elementary_cli.get_exposures", "macro_args": {}}', '--project-dir', 'C:\\Python38\\Lib\\site-packages\\elementary\\monitor\\dbt_project', '--target', 'elementary-uat']' is 1446
2023-10-15 22:26:10 — INFO — Running dbt --log-format json run-operation elementary.log_macro_results --args {"macro_name": "elementary_cli.get_models_runs", "macro_args": {"days_back": 7, "exclude_elementary": true}} --project-dir C:\Python38\Lib\site-packages\elementary\monitor\dbt_project --target elementary-uat
2023-10-15 22:26:17 — DEBUG — Result bytes size for command '['dbt', '--log-format', 'json', 'run-operation', 'elementary.log_macro_results', '--args', '{"macro_name": "elementary_cli.get_models_runs", "macro_args": {"days_back": 7, "exclude_elementary": true}}', '--project-dir', 'C:\\Python38\\Lib\\site-packages\\elementary\\monitor\\dbt_project', '--target', 'elementary-uat']' is 7188
2023-10-15 22:26:17 — INFO — Running dbt --log-format json run-operation elementary.log_macro_results --args {"macro_name": "elementary_cli.get_dbt_models_test_coverage", "macro_args": {}} --project-dir C:\Python38\Lib\site-packages\elementary\monitor\dbt_project --target elementary-uat
2023-10-15 22:26:23 — DEBUG — Result bytes size for command '['dbt', '--log-format', 'json', 'run-operation', 'elementary.log_macro_results', '--args', '{"macro_name": "elementary_cli.get_dbt_models_test_coverage", "macro_args": {}}', '--project-dir', 'C:\\Python38\\Lib\\site-packages\\elementary\\monitor\\dbt_project', '--target', 'elementary-uat']' is 2844
2023-10-15 22:26:23 — INFO — Running dbt --log-format json run-operation elementary.log_macro_results --args {"macro_name": "elementary_cli.get_nodes_depends_on_nodes", "macro_args": {"exclude_elementary": true}} --project-dir C:\Python38\Lib\site-packages\elementary\monitor\dbt_project --target elementary-uat
2023-10-15 22:26:32 — DEBUG — Result bytes size for command '['dbt', '--log-format', 'json', 'run-operation', 'elementary.log_macro_results', '--args', '{"macro_name": "elementary_cli.get_nodes_depends_on_nodes", "macro_args": {"exclude_elementary": true}}', '--project-dir', 'C:\\Python38\\Lib\\site-packages\\elementary\\monitor\\dbt_project', '--target', 'elementary-uat']' is 4834
2023-10-15 22:26:32 — INFO — Running dbt --log-format json run-operation elementary.log_macro_results --args {"macro_name": "elementary_cli.get_models_latest_invocation", "macro_args": {}} --project-dir C:\Python38\Lib\site-packages\elementary\monitor\dbt_project --target elementary-uat
2023-10-15 22:26:38 — DEBUG — Result bytes size for command '['dbt', '--log-format', 'json', 'run-operation', 'elementary.log_macro_results', '--args', '{"macro_name": "elementary_cli.get_models_latest_invocation", "macro_args": {}}', '--project-dir', 'C:\\Python38\\Lib\\site-packages\\elementary\\monitor\\dbt_project', '--target', 'elementary-uat']' is 10518
2023-10-15 22:26:38 — INFO — Running dbt --log-format json run-operation elementary.log_macro_results --args {"macro_name": "elementary_cli.get_models_latest_invocations_data", "macro_args": {}} --project-dir C:\Python38\Lib\site-packages\elementary\monitor\dbt_project --target elementary-uat
2023-10-15 22:26:45 — DEBUG — Result bytes size for command '['dbt', '--log-format', 'json', 'run-operation', 'elementary.log_macro_results', '--args', '{"macro_name": "elementary_cli.get_models_latest_invocations_data", "macro_args": {}}', '--project-dir', 'C:\\Python38\\Lib\\site-packages\\elementary\\monitor\\dbt_project', '--target', 'elementary-uat']' is 1868
2023-10-15 22:29:16 — INFO — Running with edr=0.11.0
2023-10-15 22:29:16 — DEBUG — Running dbt --log-format json run-operation elementary.log_macro_results --args {"macro_name": "elementary_cli.get_latest_invocation", "macro_args": {}} --project-dir C:\Python38\Lib\site-packages\elementary\monitor\dbt_project --target elementary-dev
2023-10-15 22:29:31 — DEBUG — Result bytes size for command '['dbt', '--log-format', 'json', 'run-operation', 'elementary.log_macro_results', '--args', '{"macro_name": "elementary_cli.get_latest_invocation", "macro_args": {}}', '--project-dir', 'C:\\Python38\\Lib\\site-packages\\elementary\\monitor\\dbt_project', '--target', 'elementary-dev']' is 1863
2023-10-15 22:29:31 — DEBUG — Running dbt --log-format json run-operation elementary.log_macro_results --args {"macro_name": "elementary_cli.get_adapter_type_and_unique_id", "macro_args": {}} --project-dir C:\Python38\Lib\site-packages\elementary\monitor\dbt_project --target elementary-dev
2023-10-15 22:29:35 — DEBUG — Result bytes size for command '['dbt', '--log-format', 'json', 'run-operation', 'elementary.log_macro_results', '--args', '{"macro_name": "elementary_cli.get_adapter_type_and_unique_id", "macro_args": {}}', '--project-dir', 'C:\\Python38\\Lib\\site-packages\\elementary\\monitor\\dbt_project', '--target', 'elementary-dev']' is 1526
2023-10-15 22:29:35 — DEBUG — Running dbt --log-format json run-operation elementary.log_macro_results --args {"macro_name": "elementary_cli.get_elementary_database_and_schema", "macro_args": {}} --project-dir C:\Python38\Lib\site-packages\elementary\monitor\dbt_project --target elementary-dev
2023-10-15 22:29:40 — DEBUG — Result bytes size for command '['dbt', '--log-format', 'json', 'run-operation', 'elementary.log_macro_results', '--args', '{"macro_name": "elementary_cli.get_elementary_database_and_schema", "macro_args": {}}', '--project-dir', 'C:\\Python38\\Lib\\site-packages\\elementary\\monitor\\dbt_project', '--target', 'elementary-dev']' is 1502
2023-10-15 22:29:40 — INFO — Elementary's database and schema: '"GENESIS_DEV.TEC_MONITORING"'
2023-10-15 22:29:40 — INFO — Running dbt --log-format json run-operation elementary.log_macro_results --args {"macro_name": "elementary_cli.get_test_results", "macro_args": {"days_back": 7, "invocations_per_test": 720, "disable_passed_test_metrics": false}} --project-dir C:\Python38\Lib\site-packages\elementary\monitor\dbt_project --target elementary-dev
[31;20m2023-10-15 22:29:46 — ERROR — Could not generate the report - Error: Failed to run dbt command.
Encountered an error while running operation: Database Error
  002003 (02000): SQL compilation error:
  Schema 'GENESIS_DEV.TEC_MONITORING' does not exist or not authorized.
Please reach out to our community for help with this issue.[0m
NoneType: None
2023-10-15 22:29:54 — INFO — Running with edr=0.11.0
2023-10-15 22:29:54 — DEBUG — Running dbt --log-format json run-operation elementary.log_macro_results --args {"macro_name": "elementary_cli.get_latest_invocation", "macro_args": {}} --project-dir C:\Python38\Lib\site-packages\elementary\monitor\dbt_project --target elementary-uat
2023-10-15 22:30:06 — DEBUG — Result bytes size for command '['dbt', '--log-format', 'json', 'run-operation', 'elementary.log_macro_results', '--args', '{"macro_name": "elementary_cli.get_latest_invocation", "macro_args": {}}', '--project-dir', 'C:\\Python38\\Lib\\site-packages\\elementary\\monitor\\dbt_project', '--target', 'elementary-uat']' is 3788
2023-10-15 22:30:06 — DEBUG — Running dbt --log-format json run-operation elementary.log_macro_results --args {"macro_name": "elementary_cli.get_adapter_type_and_unique_id", "macro_args": {}} --project-dir C:\Python38\Lib\site-packages\elementary\monitor\dbt_project --target elementary-uat
2023-10-15 22:30:10 — DEBUG — Result bytes size for command '['dbt', '--log-format', 'json', 'run-operation', 'elementary.log_macro_results', '--args', '{"macro_name": "elementary_cli.get_adapter_type_and_unique_id", "macro_args": {}}', '--project-dir', 'C:\\Python38\\Lib\\site-packages\\elementary\\monitor\\dbt_project', '--target', 'elementary-uat']' is 1526
2023-10-15 22:30:10 — INFO — edr (0.11.0) and Elementary's dbt package (0.11.1) are compatible.
2023-10-15 22:30:10 — DEBUG — Running dbt --log-format json run-operation elementary.log_macro_results --args {"macro_name": "elementary_cli.get_elementary_database_and_schema", "macro_args": {}} --project-dir C:\Python38\Lib\site-packages\elementary\monitor\dbt_project --target elementary-uat
2023-10-15 22:30:15 — DEBUG — Result bytes size for command '['dbt', '--log-format', 'json', 'run-operation', 'elementary.log_macro_results', '--args', '{"macro_name": "elementary_cli.get_elementary_database_and_schema", "macro_args": {}}', '--project-dir', 'C:\\Python38\\Lib\\site-packages\\elementary\\monitor\\dbt_project', '--target', 'elementary-uat']' is 1502
2023-10-15 22:30:15 — INFO — Elementary's database and schema: '"GENESIS_UAT.TEC_MONITORING"'
2023-10-15 22:30:15 — INFO — Running dbt --log-format json run-operation elementary.log_macro_results --args {"macro_name": "elementary_cli.get_test_results", "macro_args": {"days_back": 7, "invocations_per_test": 720, "disable_passed_test_metrics": false}} --project-dir C:\Python38\Lib\site-packages\elementary\monitor\dbt_project --target elementary-uat
2023-10-15 22:30:23 — DEBUG — Result bytes size for command '['dbt', '--log-format', 'json', 'run-operation', 'elementary.log_macro_results', '--args', '{"macro_name": "elementary_cli.get_test_results", "macro_args": {"days_back": 7, "invocations_per_test": 720, "disable_passed_test_metrics": false}}', '--project-dir', 'C:\\Python38\\Lib\\site-packages\\elementary\\monitor\\dbt_project', '--target', 'elementary-uat']' is 61116
2023-10-15 22:30:23 — INFO — Running dbt --log-format json run-operation elementary.log_macro_results --args {"macro_name": "elementary_cli.get_models", "macro_args": {"exclude_elementary": true}} --project-dir C:\Python38\Lib\site-packages\elementary\monitor\dbt_project --target elementary-uat
2023-10-15 22:30:29 — DEBUG — Result bytes size for command '['dbt', '--log-format', 'json', 'run-operation', 'elementary.log_macro_results', '--args', '{"macro_name": "elementary_cli.get_models", "macro_args": {"exclude_elementary": true}}', '--project-dir', 'C:\\Python38\\Lib\\site-packages\\elementary\\monitor\\dbt_project', '--target', 'elementary-uat']' is 8652
2023-10-15 22:30:29 — INFO — Running dbt --log-format json run-operation elementary.log_macro_results --args {"macro_name": "elementary_cli.get_sources", "macro_args": {}} --project-dir C:\Python38\Lib\site-packages\elementary\monitor\dbt_project --target elementary-uat
2023-10-15 22:30:37 — DEBUG — Result bytes size for command '['dbt', '--log-format', 'json', 'run-operation', 'elementary.log_macro_results', '--args', '{"macro_name": "elementary_cli.get_sources", "macro_args": {}}', '--project-dir', 'C:\\Python38\\Lib\\site-packages\\elementary\\monitor\\dbt_project', '--target', 'elementary-uat']' is 3784
2023-10-15 22:30:37 — INFO — Running dbt --log-format json run-operation elementary.log_macro_results --args {"macro_name": "elementary_cli.get_exposures", "macro_args": {}} --project-dir C:\Python38\Lib\site-packages\elementary\monitor\dbt_project --target elementary-uat
2023-10-15 22:30:47 — DEBUG — Result bytes size for command '['dbt', '--log-format', 'json', 'run-operation', 'elementary.log_macro_results', '--args', '{"macro_name": "elementary_cli.get_exposures", "macro_args": {}}', '--project-dir', 'C:\\Python38\\Lib\\site-packages\\elementary\\monitor\\dbt_project', '--target', 'elementary-uat']' is 1442
2023-10-15 22:30:47 — INFO — Running dbt --log-format json run-operation elementary.log_macro_results --args {"macro_name": "elementary_cli.get_models_runs", "macro_args": {"days_back": 7, "exclude_elementary": true}} --project-dir C:\Python38\Lib\site-packages\elementary\monitor\dbt_project --target elementary-uat
2023-10-15 22:30:54 — DEBUG — Result bytes size for command '['dbt', '--log-format', 'json', 'run-operation', 'elementary.log_macro_results', '--args', '{"macro_name": "elementary_cli.get_models_runs", "macro_args": {"days_back": 7, "exclude_elementary": true}}', '--project-dir', 'C:\\Python38\\Lib\\site-packages\\elementary\\monitor\\dbt_project', '--target', 'elementary-uat']' is 7188
2023-10-15 22:30:54 — INFO — Running dbt --log-format json run-operation elementary.log_macro_results --args {"macro_name": "elementary_cli.get_dbt_models_test_coverage", "macro_args": {}} --project-dir C:\Python38\Lib\site-packages\elementary\monitor\dbt_project --target elementary-uat
2023-10-15 22:31:01 — DEBUG — Result bytes size for command '['dbt', '--log-format', 'json', 'run-operation', 'elementary.log_macro_results', '--args', '{"macro_name": "elementary_cli.get_dbt_models_test_coverage", "macro_args": {}}', '--project-dir', 'C:\\Python38\\Lib\\site-packages\\elementary\\monitor\\dbt_project', '--target', 'elementary-uat']' is 2844
2023-10-15 22:31:01 — INFO — Running dbt --log-format json run-operation elementary.log_macro_results --args {"macro_name": "elementary_cli.get_nodes_depends_on_nodes", "macro_args": {"exclude_elementary": true}} --project-dir C:\Python38\Lib\site-packages\elementary\monitor\dbt_project --target elementary-uat
2023-10-15 22:31:10 — DEBUG — Result bytes size for command '['dbt', '--log-format', 'json', 'run-operation', 'elementary.log_macro_results', '--args', '{"macro_name": "elementary_cli.get_nodes_depends_on_nodes", "macro_args": {"exclude_elementary": true}}', '--project-dir', 'C:\\Python38\\Lib\\site-packages\\elementary\\monitor\\dbt_project', '--target', 'elementary-uat']' is 4838
2023-10-15 22:31:10 — INFO — Running dbt --log-format json run-operation elementary.log_macro_results --args {"macro_name": "elementary_cli.get_models_latest_invocation", "macro_args": {}} --project-dir C:\Python38\Lib\site-packages\elementary\monitor\dbt_project --target elementary-uat
2023-10-15 22:31:18 — DEBUG — Result bytes size for command '['dbt', '--log-format', 'json', 'run-operation', 'elementary.log_macro_results', '--args', '{"macro_name": "elementary_cli.get_models_latest_invocation", "macro_args": {}}', '--project-dir', 'C:\\Python38\\Lib\\site-packages\\elementary\\monitor\\dbt_project', '--target', 'elementary-uat']' is 10518
2023-10-15 22:31:18 — INFO — Running dbt --log-format json run-operation elementary.log_macro_results --args {"macro_name": "elementary_cli.get_models_latest_invocations_data", "macro_args": {}} --project-dir C:\Python38\Lib\site-packages\elementary\monitor\dbt_project --target elementary-uat
2023-10-15 22:31:25 — DEBUG — Result bytes size for command '['dbt', '--log-format', 'json', 'run-operation', 'elementary.log_macro_results', '--args', '{"macro_name": "elementary_cli.get_models_latest_invocations_data", "macro_args": {}}', '--project-dir', 'C:\\Python38\\Lib\\site-packages\\elementary\\monitor\\dbt_project', '--target', 'elementary-uat']' is 1860
2023-10-15 22:31:55 — INFO — Running with edr=0.11.0
2023-10-15 22:32:25 — INFO — Running with edr=0.11.0
2023-10-15 22:32:41 — INFO — Running with edr=0.11.0
2023-10-15 22:32:41 — DEBUG — Running dbt --log-format json run-operation elementary.log_macro_results --args {"macro_name": "elementary_cli.get_latest_invocation", "macro_args": {}} --project-dir C:\Python38\Lib\site-packages\elementary\monitor\dbt_project --target elementary-uat
2023-10-15 22:32:50 — DEBUG — Result bytes size for command '['dbt', '--log-format', 'json', 'run-operation', 'elementary.log_macro_results', '--args', '{"macro_name": "elementary_cli.get_latest_invocation", "macro_args": {}}', '--project-dir', 'C:\\Python38\\Lib\\site-packages\\elementary\\monitor\\dbt_project', '--target', 'elementary-uat']' is 3362
2023-10-15 22:32:50 — DEBUG — Running dbt --log-format json run-operation elementary.log_macro_results --args {"macro_name": "elementary_cli.get_adapter_type_and_unique_id", "macro_args": {}} --project-dir C:\Python38\Lib\site-packages\elementary\monitor\dbt_project --target elementary-uat
2023-10-15 22:32:55 — DEBUG — Result bytes size for command '['dbt', '--log-format', 'json', 'run-operation', 'elementary.log_macro_results', '--args', '{"macro_name": "elementary_cli.get_adapter_type_and_unique_id", "macro_args": {}}', '--project-dir', 'C:\\Python38\\Lib\\site-packages\\elementary\\monitor\\dbt_project', '--target', 'elementary-uat']' is 1526
2023-10-15 22:32:55 — INFO — edr (0.11.0) and Elementary's dbt package (0.11.1) are compatible.
2023-10-15 22:32:55 — DEBUG — Running dbt --log-format json run-operation elementary.log_macro_results --args {"macro_name": "elementary_cli.get_elementary_database_and_schema", "macro_args": {}} --project-dir C:\Python38\Lib\site-packages\elementary\monitor\dbt_project --target elementary-uat
2023-10-15 22:32:59 — DEBUG — Result bytes size for command '['dbt', '--log-format', 'json', 'run-operation', 'elementary.log_macro_results', '--args', '{"macro_name": "elementary_cli.get_elementary_database_and_schema", "macro_args": {}}', '--project-dir', 'C:\\Python38\\Lib\\site-packages\\elementary\\monitor\\dbt_project', '--target', 'elementary-uat']' is 1502
2023-10-15 22:32:59 — INFO — Elementary's database and schema: '"GENESIS_UAT.TEC_MONITORING"'
2023-10-15 22:32:59 — INFO — Running dbt --log-format json run-operation elementary.log_macro_results --args {"macro_name": "elementary_cli.get_test_results", "macro_args": {"days_back": 7, "invocations_per_test": 720, "disable_passed_test_metrics": false}} --project-dir C:\Python38\Lib\site-packages\elementary\monitor\dbt_project --target elementary-uat
2023-10-15 22:33:07 — DEBUG — Result bytes size for command '['dbt', '--log-format', 'json', 'run-operation', 'elementary.log_macro_results', '--args', '{"macro_name": "elementary_cli.get_test_results", "macro_args": {"days_back": 7, "invocations_per_test": 720, "disable_passed_test_metrics": false}}', '--project-dir', 'C:\\Python38\\Lib\\site-packages\\elementary\\monitor\\dbt_project', '--target', 'elementary-uat']' is 61112
2023-10-15 22:33:07 — INFO — Running dbt --log-format json run-operation elementary.log_macro_results --args {"macro_name": "elementary_cli.get_models", "macro_args": {"exclude_elementary": true}} --project-dir C:\Python38\Lib\site-packages\elementary\monitor\dbt_project --target elementary-uat
2023-10-15 22:33:13 — DEBUG — Result bytes size for command '['dbt', '--log-format', 'json', 'run-operation', 'elementary.log_macro_results', '--args', '{"macro_name": "elementary_cli.get_models", "macro_args": {"exclude_elementary": true}}', '--project-dir', 'C:\\Python38\\Lib\\site-packages\\elementary\\monitor\\dbt_project', '--target', 'elementary-uat']' is 8648
2023-10-15 22:33:13 — INFO — Running dbt --log-format json run-operation elementary.log_macro_results --args {"macro_name": "elementary_cli.get_sources", "macro_args": {}} --project-dir C:\Python38\Lib\site-packages\elementary\monitor\dbt_project --target elementary-uat
2023-10-15 22:33:19 — DEBUG — Result bytes size for command '['dbt', '--log-format', 'json', 'run-operation', 'elementary.log_macro_results', '--args', '{"macro_name": "elementary_cli.get_sources", "macro_args": {}}', '--project-dir', 'C:\\Python38\\Lib\\site-packages\\elementary\\monitor\\dbt_project', '--target', 'elementary-uat']' is 3788
2023-10-15 22:33:19 — INFO — Running dbt --log-format json run-operation elementary.log_macro_results --args {"macro_name": "elementary_cli.get_exposures", "macro_args": {}} --project-dir C:\Python38\Lib\site-packages\elementary\monitor\dbt_project --target elementary-uat
2023-10-15 22:33:29 — DEBUG — Result bytes size for command '['dbt', '--log-format', 'json', 'run-operation', 'elementary.log_macro_results', '--args', '{"macro_name": "elementary_cli.get_exposures", "macro_args": {}}', '--project-dir', 'C:\\Python38\\Lib\\site-packages\\elementary\\monitor\\dbt_project', '--target', 'elementary-uat']' is 1442
2023-10-15 22:33:29 — INFO — Running dbt --log-format json run-operation elementary.log_macro_results --args {"macro_name": "elementary_cli.get_models_runs", "macro_args": {"days_back": 7, "exclude_elementary": true}} --project-dir C:\Python38\Lib\site-packages\elementary\monitor\dbt_project --target elementary-uat
2023-10-15 22:33:35 — DEBUG — Result bytes size for command '['dbt', '--log-format', 'json', 'run-operation', 'elementary.log_macro_results', '--args', '{"macro_name": "elementary_cli.get_models_runs", "macro_args": {"days_back": 7, "exclude_elementary": true}}', '--project-dir', 'C:\\Python38\\Lib\\site-packages\\elementary\\monitor\\dbt_project', '--target', 'elementary-uat']' is 7188
2023-10-15 22:33:35 — INFO — Running dbt --log-format json run-operation elementary.log_macro_results --args {"macro_name": "elementary_cli.get_dbt_models_test_coverage", "macro_args": {}} --project-dir C:\Python38\Lib\site-packages\elementary\monitor\dbt_project --target elementary-uat
2023-10-15 22:33:42 — DEBUG — Result bytes size for command '['dbt', '--log-format', 'json', 'run-operation', 'elementary.log_macro_results', '--args', '{"macro_name": "elementary_cli.get_dbt_models_test_coverage", "macro_args": {}}', '--project-dir', 'C:\\Python38\\Lib\\site-packages\\elementary\\monitor\\dbt_project', '--target', 'elementary-uat']' is 2844
2023-10-15 22:33:42 — INFO — Running dbt --log-format json run-operation elementary.log_macro_results --args {"macro_name": "elementary_cli.get_nodes_depends_on_nodes", "macro_args": {"exclude_elementary": true}} --project-dir C:\Python38\Lib\site-packages\elementary\monitor\dbt_project --target elementary-uat
2023-10-15 22:33:48 — DEBUG — Result bytes size for command '['dbt', '--log-format', 'json', 'run-operation', 'elementary.log_macro_results', '--args', '{"macro_name": "elementary_cli.get_nodes_depends_on_nodes", "macro_args": {"exclude_elementary": true}}', '--project-dir', 'C:\\Python38\\Lib\\site-packages\\elementary\\monitor\\dbt_project', '--target', 'elementary-uat']' is 4834
2023-10-15 22:33:48 — INFO — Running dbt --log-format json run-operation elementary.log_macro_results --args {"macro_name": "elementary_cli.get_models_latest_invocation", "macro_args": {}} --project-dir C:\Python38\Lib\site-packages\elementary\monitor\dbt_project --target elementary-uat
2023-10-15 22:33:54 — DEBUG — Result bytes size for command '['dbt', '--log-format', 'json', 'run-operation', 'elementary.log_macro_results', '--args', '{"macro_name": "elementary_cli.get_models_latest_invocation", "macro_args": {}}', '--project-dir', 'C:\\Python38\\Lib\\site-packages\\elementary\\monitor\\dbt_project', '--target', 'elementary-uat']' is 10518
2023-10-15 22:33:54 — INFO — Running dbt --log-format json run-operation elementary.log_macro_results --args {"macro_name": "elementary_cli.get_models_latest_invocations_data", "macro_args": {}} --project-dir C:\Python38\Lib\site-packages\elementary\monitor\dbt_project --target elementary-uat
2023-10-15 22:34:00 — DEBUG — Result bytes size for command '['dbt', '--log-format', 'json', 'run-operation', 'elementary.log_macro_results', '--args', '{"macro_name": "elementary_cli.get_models_latest_invocations_data", "macro_args": {}}', '--project-dir', 'C:\\Python38\\Lib\\site-packages\\elementary\\monitor\\dbt_project', '--target', 'elementary-uat']' is 1868
